e:\programs\maneuvercombatdx11\maneuvercombatdx11\debug\test.cso
e:\programs\maneuvercombatdx11rep\debug\test.cso
e:\programs\maneuvercombatdx11\maneuvercombatdx11\debug\vc140.pdb
e:\programs\maneuvercombatdx11\maneuvercombatdx11\debug\vc140.idb
e:\programs\maneuvercombatdx11\maneuvercombatdx11\debug\input.obj
e:\programs\maneuvercombatdx11\maneuvercombatdx11\debug\main.obj
e:\programs\maneuvercombatdx11\maneuvercombatdx11\debug\renderer.obj
e:\programs\maneuvercombatdx11\maneuvercombatdx11\debug\wictextureloader.obj
e:\programs\maneuvercombatdx11rep\debug\vc140.pdb
e:\programs\maneuvercombatdx11rep\debug\vc140.idb
e:\programs\maneuvercombatdx11rep\debug\input.obj
e:\programs\maneuvercombatdx11rep\debug\main.obj
e:\programs\maneuvercombatdx11rep\debug\renderer.obj
e:\programs\maneuvercombatdx11rep\debug\wictextureloader.obj
e:\programs\maneuvercombatdx11\maneuvercombatdx11\debug\3dgameproject.ilk
e:\programs\maneuvercombatdx11\maneuvercombatdx11\debug\3dgameproject.exe
e:\programs\maneuvercombatdx11\maneuvercombatdx11\debug\3dgameproject.pdb
e:\programs\maneuvercombatdx11rep\debug\3dgameproject.ilk
e:\programs\maneuvercombatdx11rep\debug\3dgameproject.exe
e:\programs\maneuvercombatdx11rep\debug\3dgameproject.pdb
e:\programs\maneuvercombatdx11\maneuvercombatdx11\debug\3dgameproject.res
e:\programs\maneuvercombatdx11rep\debug\3dgameproject.res
e:\programs\maneuvercombatdx11rep\debug\3dgameproject.tlog\3dgameproject.write.1u.tlog
e:\programs\maneuvercombatdx11rep\debug\3dgameproject.tlog\cl.command.1.tlog
e:\programs\maneuvercombatdx11rep\debug\3dgameproject.tlog\cl.read.1.tlog
e:\programs\maneuvercombatdx11rep\debug\3dgameproject.tlog\cl.write.1.tlog
e:\programs\maneuvercombatdx11rep\debug\3dgameproject.tlog\fxc.command.1.tlog
e:\programs\maneuvercombatdx11rep\debug\3dgameproject.tlog\fxc.read.1.tlog
e:\programs\maneuvercombatdx11rep\debug\3dgameproject.tlog\fxc.write.1.tlog
e:\programs\maneuvercombatdx11rep\debug\3dgameproject.tlog\link.command.1.tlog
e:\programs\maneuvercombatdx11rep\debug\3dgameproject.tlog\link.read.1.tlog
e:\programs\maneuvercombatdx11rep\debug\3dgameproject.tlog\link.write.1.tlog
e:\programs\maneuvercombatdx11rep\debug\3dgameproject.tlog\rc.command.1.tlog
e:\programs\maneuvercombatdx11rep\debug\3dgameproject.tlog\rc.read.1.tlog
e:\programs\maneuvercombatdx11rep\debug\3dgameproject.tlog\rc.write.1.tlog
