e:\programs\maneuvercombat\maneuvercombat0.46\cloud.cso
e:\programs\maneuvercombat\maneuvercombat0.46\normal.cso
e:\programs\maneuvercombat\maneuvercombat0.46\phong.cso
e:\programs\maneuvercombat\maneuvercombat0.46\plane.cso
e:\programs\maneuvercombat\maneuvercombat0.46\sea.cso
e:\programs\maneuvercombat\maneuvercombat0.46\create_z_tex.cso
e:\programs\maneuvercombat\maneuvercombat0.46\release\vc140.pdb
e:\programs\maneuvercombat\maneuvercombat0.46\release\frame2d.obj
e:\programs\maneuvercombat\maneuvercombat0.46\release\effekseer.obj
e:\programs\maneuvercombat\maneuvercombat0.46\release\sea.obj
e:\programs\maneuvercombat\maneuvercombat0.46\release\hit_effect.obj
e:\programs\maneuvercombat\maneuvercombat0.46\release\explosion.obj
e:\programs\maneuvercombat\maneuvercombat0.46\release\enemy_plane.obj
e:\programs\maneuvercombat\maneuvercombat0.46\release\enemy_manager.obj
e:\programs\maneuvercombat\maneuvercombat0.46\release\enemy.obj
e:\programs\maneuvercombat\maneuvercombat0.46\release\bullet.obj
e:\programs\maneuvercombat\maneuvercombat0.46\release\ui_alt.obj
e:\programs\maneuvercombat\maneuvercombat0.46\release\ui_missile_alart.obj
e:\programs\maneuvercombat\maneuvercombat0.46\release\ui_damage_mask.obj
e:\programs\maneuvercombat\maneuvercombat0.46\release\ui_control.obj
e:\programs\maneuvercombat\maneuvercombat0.46\release\trajectory.obj
e:\programs\maneuvercombat\maneuvercombat0.46\release\sound.obj
e:\programs\maneuvercombat\maneuvercombat0.46\release\plane_glass.obj
e:\programs\maneuvercombat\maneuvercombat0.46\release\number_impact.obj
e:\programs\maneuvercombat\maneuvercombat0.46\release\enemy_ai.obj
e:\programs\maneuvercombat\maneuvercombat0.46\release\after_burner.obj
e:\programs\maneuvercombat\maneuvercombat0.46\release\actor.obj
e:\programs\maneuvercombat\maneuvercombat0.46\release\ui_destroy.obj
e:\programs\maneuvercombat\maneuvercombat0.46\release\result.obj
e:\programs\maneuvercombat\maneuvercombat0.46\release\renderer.obj
e:\programs\maneuvercombat\maneuvercombat0.46\release\player.obj
e:\programs\maneuvercombat\maneuvercombat0.46\release\plane.obj
e:\programs\maneuvercombat\maneuvercombat0.46\release\number.obj
e:\programs\maneuvercombat\maneuvercombat0.46\release\missile.obj
e:\programs\maneuvercombat\maneuvercombat0.46\release\main.obj
e:\programs\maneuvercombat\maneuvercombat0.46\release\instancing_cloud.obj
e:\programs\maneuvercombat\maneuvercombat0.46\release\input.obj
e:\programs\maneuvercombat\maneuvercombat0.46\release\imgui_impl_dx9.obj
e:\programs\maneuvercombat\maneuvercombat0.46\release\imgui_draw.obj
e:\programs\maneuvercombat\maneuvercombat0.46\release\imgui.obj
e:\programs\maneuvercombat\maneuvercombat0.46\release\grid.obj
e:\programs\maneuvercombat\maneuvercombat0.46\release\game.obj
e:\programs\maneuvercombat\maneuvercombat0.46\release\free_camera.obj
e:\programs\maneuvercombat\maneuvercombat0.46\release\ui_cross_hair.obj
e:\programs\maneuvercombat\maneuvercombat0.46\release\billboards.obj
e:\programs\maneuvercombat\maneuvercombat0.46\release\collider_sphere.obj
e:\programs\maneuvercombat\maneuvercombat0.46\release\frame3d.obj
e:\programs\maneuvercombat\maneuvercombat0.46\release\ui_speed.obj
e:\programs\maneuvercombat\maneuvercombat0.46\release\skydome.obj
e:\programs\maneuvercombat\maneuvercombat0.46\release\shader_sea.obj
e:\programs\maneuvercombat\maneuvercombat0.46\release\shader_plane.obj
e:\programs\maneuvercombat\maneuvercombat0.46\release\shader_phong.obj
e:\programs\maneuvercombat\maneuvercombat0.46\release\shader_normal.obj
e:\programs\maneuvercombat\maneuvercombat0.46\release\shader_create_z_tex.obj
e:\programs\maneuvercombat\maneuvercombat0.46\release\shader_cloud.obj
e:\programs\maneuvercombat\maneuvercombat0.46\release\shader_base.obj
e:\programs\maneuvercombat\maneuvercombat0.46\release\ui_score.obj
e:\programs\maneuvercombat\maneuvercombat0.46\release\ui_result_time.obj
e:\programs\maneuvercombat\maneuvercombat0.46\release\scene_manager.obj
e:\programs\maneuvercombat\maneuvercombat0.46\release\ui_result_logo.obj
e:\programs\maneuvercombat\maneuvercombat0.46\release\ui_pause_menu.obj
e:\programs\maneuvercombat\maneuvercombat0.46\release\ui_mission_time.obj
e:\programs\maneuvercombat\maneuvercombat0.46\release\ui_missile_gage.obj
e:\programs\maneuvercombat\maneuvercombat0.46\release\ui_missile.obj
e:\programs\maneuvercombat\maneuvercombat0.46\release\ui_hit.obj
e:\programs\maneuvercombat\maneuvercombat0.46\release\ui_gun.obj
e:\programs\maneuvercombat\maneuvercombat0.46\release\ui_dmg.obj
e:\programs\maneuvercombat\maneuvercombat0.46\release\xmodel_anim.obj
e:\programs\maneuvercombat\maneuvercombat0.46\release\xmodel.obj
e:\programs\maneuvercombat\maneuvercombat0.46\release\xcontroller.obj
e:\programs\maneuvercombat\maneuvercombat0.46\release\ui_warning.obj
e:\programs\maneuvercombat\maneuvercombat0.46\release\tracking_camera.obj
e:\programs\maneuvercombat\maneuvercombat0.46\release\ui_title_logo.obj
e:\programs\maneuvercombat\maneuvercombat0.46\release\title.obj
e:\programs\maneuvercombat\maneuvercombat0.46\release\third_person_free_camera.obj
e:\programs\maneuvercombat\maneuvercombat0.46\release\third_person_camera.obj
e:\programs\maneuvercombat\maneuvercombat0.46\release\texture.obj
e:\programs\maneuvercombat\maneuvercombat0.46\release\ui_target_box.obj
e:\programs\maneuvercombat\maneuvercombat0.46\release\ui_target_arrow.obj
e:\programs\maneuvercombat\maneuvercombat0.46\3dgameproject.exe
e:\programs\maneuvercombat\maneuvercombat0.46\3dgameproject.ipdb
e:\programs\maneuvercombat\maneuvercombat0.46\3dgameproject.iobj
e:\programs\maneuvercombat\maneuvercombat0.46\3dgameproject.pdb
e:\programs\maneuvercombat\maneuvercombat0.46\release\3dgameproject.res
e:\programs\maneuvercombat\maneuvercombat0.46\\3dgameproject.pdb
e:\programs\maneuvercombat\maneuvercombat0.46\\3dgameproject.exe
e:\programs\maneuvercombat\maneuvercombat0.46\release\3dgameproject.tlog\3dgameproject.write.1u.tlog
e:\programs\maneuvercombat\maneuvercombat0.46\release\3dgameproject.tlog\cl.command.1.tlog
e:\programs\maneuvercombat\maneuvercombat0.46\release\3dgameproject.tlog\cl.read.1.tlog
e:\programs\maneuvercombat\maneuvercombat0.46\release\3dgameproject.tlog\cl.write.1.tlog
e:\programs\maneuvercombat\maneuvercombat0.46\release\3dgameproject.tlog\fxc.command.1.tlog
e:\programs\maneuvercombat\maneuvercombat0.46\release\3dgameproject.tlog\fxc.read.1.tlog
e:\programs\maneuvercombat\maneuvercombat0.46\release\3dgameproject.tlog\fxc.write.1.tlog
e:\programs\maneuvercombat\maneuvercombat0.46\release\3dgameproject.tlog\link.command.1.tlog
e:\programs\maneuvercombat\maneuvercombat0.46\release\3dgameproject.tlog\link.read.1.tlog
e:\programs\maneuvercombat\maneuvercombat0.46\release\3dgameproject.tlog\link.write.1.tlog
e:\programs\maneuvercombat\maneuvercombat0.46\release\3dgameproject.tlog\rc.command.1.tlog
e:\programs\maneuvercombat\maneuvercombat0.46\release\3dgameproject.tlog\rc.read.1.tlog
e:\programs\maneuvercombat\maneuvercombat0.46\release\3dgameproject.tlog\rc.write.1.tlog
